S=C=A=N: Wed Jan 29 23:50:04 2014: Collect start
/lrz/sys/intel/mpi_41_1_036/bin64/mpiexec -n 8 ./gccg ../data/pent.geo.bin pent_metis_8 dual
[00000]EPIK: Created new measurement archive ./epik_gccg_8_sum
[00000]EPIK: Activated ./epik_gccg_8_sum [NO TRACE] (0.018s)
[00000]EPIK: MPI-2.2 initialized 8 ranks
cgup : 609467.264335 
cgup : 612453.864218 
cgup : 736128.260845 
cgup : 756998.028723 
cgup : 584913.113219 
cgup : 598099.403854 
cgup : 769625.305211 
cgup : 582951.050648 
cgup : 756998.028723 
cgup : 609467.264335 
cgup : 612453.864218 
cgup : 736128.260845 
cgup : 769625.305211 
cgup : 582951.050648 
cgup : 584913.113219 
cgup : 598099.403854 
cgup : 598099.403854 
cgup : 584913.113219 
cgup : 582951.050648 
cgup : 769625.305211 
cgup : 736128.260845 
cgup : 612453.864218 
cgup : 609467.264335 
========================================
= AVL -  Linear Equation Solver - GCCG =
========================================

Input File:  ../data/pent.geo.bin
Output File:  pent_metis_8_summary.out
No. of Active Cells:  107999
Iterations Count: 546
Residual Ratio: 9.695255e-11
========================================

cgup : 756998.028723 
[00000]EPIK: Closing experiment ./epik_gccg_8_sum
[00000]EPIK: Largest definitions buffer 10580 bytes
[00000]EPIK: 23 unique paths (22 max paths, 3 max frames, 0 unknowns)
[00000]EPIK: cpath[20]: rid=77 ppid=1 order=1417791.890838 OutOfOrder
[00000]EPIK: cpath[22]: rid=113 ppid=15 order=1417791.879325 OutOfOrder
[00000]EPIK: Unifying... done (0.004s)
[00000]EPIK: Collating... done (0.002s)
[00000]EPIK: Closed experiment ./epik_gccg_8_sum (0.008s) maxHeap(0)=59.402/241.887MB
S=C=A=N: Wed Jan 29 23:50:06 2014: Collect done (status=0) 2s
