S=C=A=N: Sun Jan 26 21:45:16 2014: Collect start
/lrz/sys/intel/mpi_41_1_036/bin64/mpiexec -n 8 ./gccg ../data/cojack.geo.bin cojack_classic_8
[00000]EPIK: Created new measurement archive ./epik_gccg_8_sum
[00000]EPIK: Activated ./epik_gccg_8_sum [NO TRACE] (0.015s)
[00000]EPIK: MPI-2.2 initialized 8 ranks
cgup : 41062817.202974 
cgup : 584396.306775 
cgup : 357602.319801 
cgup : 648540.726844 
cgup : 1626813.701490 
cgup : 7072948.578845 
cgup : 2772025.972496 
cgup : 589446.329979 
cgup : 648540.726844 
cgup : 1626813.701490 
cgup : 7072948.578845 
cgup : 2772025.972496 
cgup : 41062817.202974 
cgup : 589446.329979 
cgup : 584396.306775 
cgup : 357602.319801 
========================================
= AVL -  Linear Equation Solver - GCCG =
========================================

Input File:  ../data/cojack.geo.bin
Output File:  cojack_classic_8_summary.out
No. of Active Cells:  318043
Iterations Count: 643
Residual Ratio: 9.888867e-11
========================================

cgup : 648540.726844 
cgup : 1626813.701490 
cgup : 7072948.578845 
cgup : 2772025.972496 
cgup : 41062817.202974 
cgup : 589446.329979 
cgup : 584396.306775 
cgup : 357602.319801 
[00000]EPIK: Closing experiment ./epik_gccg_8_sum
[00000]EPIK: Largest definitions buffer 10602 bytes
[00000]EPIK: 24 unique paths (23 max paths, 3 max frames, 0 unknowns)
[00000]EPIK: cpath[23]: rid=113 ppid=16 order=1151055.609200 OutOfOrder
[00000]EPIK: Unifying... done (0.004s)
[00000]EPIK: Collating... done (0.002s)
[00000]EPIK: Closed experiment ./epik_gccg_8_sum (0.007s) maxHeap(0)=75.484/594.391MB
S=C=A=N: Sun Jan 26 21:45:26 2014: Collect done (status=0) 10s
